fun -1
main -1
( -1
) -1
: -1
void -1
{ -1
def -1
ID 0
: -1
int -1
; -1
read -1
( -1
ID 0
) -1
; -1
def -1
ID 1
: -1
int -1
; -1
read -1
( -1
ID 1
) -1
; -1
unless -1
( -1
ID 0
> -1
CONST 2
&& -1
ID 1
> -1
CONST 2
) -1
{ -1
write -1
( -1
CONST 3
) -1
; -1
} -1
else -1
{ -1
until -1
( -1
ID 0
== -1
ID 1
) -1
{ -1
unless -1
( -1
ID 0
> -1
ID 1
) -1
{ -1
ID 1
= -1
ID 1
% -1
ID 0
; -1
} -1
else -1
{ -1
ID 0
= -1
ID 0
% -1
ID 1
; -1
} -1
} -1
} -1
write -1
( -1
CONST 4
) -1
; -1
write -1
( -1
ID 0
) -1
; -1
} -1
